<?xml version="1.0" encoding="UTF-8"?>
<!-- Generated by org.testng.reporters.JUnitReportReporter -->
<testsuite skipped="0" hostname="LAPTOP-209335EI" name="Informatorio.testing.RestAssuredTest" tests="1" failures="0" timestamp="17 oct 2018 21:06:53 GMT" time="2.035" errors="0">
  <testcase name="getByIdUsingPathParam" time="2.035" classname="Informatorio.testing.RestAssuredTest"/>
</testsuite> <!-- Informatorio.testing.RestAssuredTest -->
