<?xml version="1.0" encoding="UTF-8"?>
<!-- Generated by org.testng.reporters.JUnitReportReporter -->
<testsuite skipped="2" hostname="LAPTOP-209335EI" name="Informatorio.testing.InsumoTest" tests="5" failures="0" timestamp="19 oct 2018 15:58:55 GMT" time="2.326" errors="0">
  <testcase name="addInsumo" time="1.861" classname="Informatorio.testing.InsumoTest"/>
  <testcase name="deleteInsumo" time="0.389" classname="Informatorio.testing.InsumoTest"/>
  <testcase name="getByIdUsingQueryParam" time="0.076" classname="Informatorio.testing.InsumoTest"/>
  <testcase name="getAll" classname="Informatorio.testing.InsumoTest">
    <skipped/>
  </testcase> <!-- getAll -->
  <testcase name="getByIdUsingPathParam" classname="Informatorio.testing.InsumoTest">
    <skipped/>
  </testcase> <!-- getByIdUsingPathParam -->
</testsuite> <!-- Informatorio.testing.InsumoTest -->
